[debug] [2023-05-10T20:36:51.810Z] ----------------------------------------------------------------------
[debug] [2023-05-10T20:36:51.813Z] Command:       /Users/brian/.nvm/versions/node/v20.1.0/bin/node /Users/brian/.nvm/versions/node/v20.1.0/bin/firebase init emulators
[debug] [2023-05-10T20:36:51.813Z] CLI Version:   12.0.0
[debug] [2023-05-10T20:36:51.814Z] Platform:      darwin
[debug] [2023-05-10T20:36:51.814Z] Node Version:  v20.1.0
[debug] [2023-05-10T20:36:51.814Z] Time:          Wed May 10 2023 16:36:51 GMT-0400 (Eastern Daylight Time)
[debug] [2023-05-10T20:36:51.814Z] ----------------------------------------------------------------------
[debug] 
[debug] [2023-05-10T20:36:51.816Z] >>> [apiv2][query] GET https://firebase-public.firebaseio.com/cli.json [none]
[debug] [2023-05-10T20:36:51.865Z] > command requires scopes: ["email","openid","https://www.googleapis.com/auth/cloudplatformprojects.readonly","https://www.googleapis.com/auth/firebase","https://www.googleapis.com/auth/cloud-platform"]
[debug] [2023-05-10T20:36:52.243Z] <<< [apiv2][status] GET https://firebase-public.firebaseio.com/cli.json 200
[debug] [2023-05-10T20:36:52.243Z] <<< [apiv2][body] GET https://firebase-public.firebaseio.com/cli.json {"cloudBuildErrorAfter":1594252800000,"cloudBuildWarnAfter":1590019200000,"defaultNode10After":1594252800000,"minVersion":"3.0.5","node8DeploysDisabledAfter":1613390400000,"node8RuntimeDisabledAfter":1615809600000,"node8WarnAfter":1600128000000}
[info] 
     ######## #### ########  ######## ########     ###     ######  ########
     ##        ##  ##     ## ##       ##     ##  ##   ##  ##       ##
     ######    ##  ########  ######   ########  #########  ######  ######
     ##        ##  ##    ##  ##       ##     ## ##     ##       ## ##
     ##       #### ##     ## ######## ########  ##     ##  ######  ########

You're about to initialize a Firebase project in this directory:

  /Users/brian/purified-home

[info] 
=== Project Setup
[info] 
[info] First, let's associate this project directory with a Firebase project.
[info] You can create multiple project aliases by running firebase use --add, 
[info] but for now we'll just set up a default project.
[info] 
[debug] [2023-05-10T20:37:55.652Z] >>> [apiv2][query] GET https://firebase.googleapis.com/v1beta1/projects pageSize=100
[debug] [2023-05-10T20:37:56.145Z] <<< [apiv2][status] GET https://firebase.googleapis.com/v1beta1/projects 403
[debug] [2023-05-10T20:37:56.145Z] <<< [apiv2][body] GET https://firebase.googleapis.com/v1beta1/projects [omitted]
[debug] [2023-05-10T20:37:56.146Z] HTTP Error: 403, Your application has authenticated using end user credentials from the Google Cloud SDK or Google Cloud Shell which are not supported by the firebase.googleapis.com. We recommend configuring the billing/quota_project setting in gcloud or using a service account through the auth/impersonate_service_account setting. For more information about service accounts and how to use them in your application, see https://cloud.google.com/docs/authentication/. If you are getting this error with curl or similar tools, you may need to specify 'X-Goog-User-Project' HTTP header for quota and billing purposes. For more information regarding 'X-Goog-User-Project' header, please check https://cloud.google.com/apis/docs/system-parameters.
[debug] [2023-05-10T20:37:56.175Z] FirebaseError: HTTP Error: 403, Your application has authenticated using end user credentials from the Google Cloud SDK or Google Cloud Shell which are not supported by the firebase.googleapis.com. We recommend configuring the billing/quota_project setting in gcloud or using a service account through the auth/impersonate_service_account setting. For more information about service accounts and how to use them in your application, see https://cloud.google.com/docs/authentication/. If you are getting this error with curl or similar tools, you may need to specify 'X-Goog-User-Project' HTTP header for quota and billing purposes. For more information regarding 'X-Goog-User-Project' header, please check https://cloud.google.com/apis/docs/system-parameters.
    at responseToError (/Users/brian/.nvm/versions/node/v20.1.0/lib/node_modules/firebase-tools/lib/responseToError.js:49:12)
    at RetryOperation._fn (/Users/brian/.nvm/versions/node/v20.1.0/lib/node_modules/firebase-tools/lib/apiv2.js:288:77)
    at process.processTicksAndRejections (node:internal/process/task_queues:95:5)
[error] 
[error] Error: Failed to list Firebase projects. See firebase-debug.log for more info.
